u,src\Pages\RegisterPageOne.jsx,Mon, 30 May 2022 09:32:58 GMT
u,src\Pages\RegisterPageOne.jsx,Mon, 30 May 2022 09:38:09 GMT
u,src\Pages\RegisterPageOne.jsx,Mon, 30 May 2022 09:38:11 GMT
u,src\Pages\RegisterPageOne.jsx,Mon, 30 May 2022 09:38:13 GMT
u,src\Pages\RegisterPageOne.jsx,Mon, 30 May 2022 09:38:17 GMT
u,src\Pages\RegisterPageOne.jsx,Mon, 30 May 2022 09:38:18 GMT
u,src\Pages\RegisterPageOne.jsx,Mon, 30 May 2022 09:38:21 GMT
u,src\Pages\RegisterPageOne.jsx,Mon, 30 May 2022 09:38:26 GMT
u,src\Pages\RegisterPageOne.jsx,Mon, 30 May 2022 09:38:28 GMT
u,src\Pages\RegisterPageOne.jsx,Mon, 30 May 2022 09:38:29 GMT
u,src\Pages\RegisterPageOne.jsx,Mon, 30 May 2022 09:38:33 GMT
u,src\Pages\RegisterPageOne.jsx,Mon, 30 May 2022 09:38:42 GMT
u,src\Pages\RegisterPageOne.jsx,Mon, 30 May 2022 09:39:30 GMT
u,src\Pages\RegisterPageOne.jsx,Mon, 30 May 2022 09:39:33 GMT
u,src\Pages\RegisterPageOne.jsx,Mon, 30 May 2022 09:39:35 GMT
u,src\Pages\RegisterPageOne.jsx,Mon, 30 May 2022 09:39:37 GMT
u,src\Pages\RegisterPageOne.jsx,Mon, 30 May 2022 09:39:47 GMT
u,src\Pages\RegisterPageOne.jsx,Mon, 30 May 2022 09:40:03 GMT
u,src\Pages\RegisterPageOne.jsx,Mon, 30 May 2022 09:40:07 GMT
u,src\Pages\RegisterPageOne.jsx,Mon, 30 May 2022 09:40:09 GMT
u,src\Pages\RegisterPageOne.jsx,Mon, 30 May 2022 09:40:10 GMT
u,src\Pages\RegisterPageOne.jsx,Mon, 30 May 2022 09:40:12 GMT
u,src\Pages\RegisterPageOne.jsx,Mon, 30 May 2022 09:40:17 GMT
u,src\Pages\RegisterPageOne.jsx,Mon, 30 May 2022 09:40:18 GMT
u,src\Pages\RegisterPageOne.jsx,Mon, 30 May 2022 09:40:23 GMT
u,src\Pages\RegisterPageOne.jsx,Mon, 30 May 2022 09:40:24 GMT
u,src\Pages\RegisterPageOne.jsx,Mon, 30 May 2022 09:40:26 GMT
u,src\Pages\RegisterPageOne.jsx,Mon, 30 May 2022 09:40:31 GMT
u,webpack.js,Mon, 30 May 2022 09:40:47 GMT
u,node_modules\hpack.js,Mon, 30 May 2022 09:49:07 GMT
u,node_modules\public-encrypt\node_modules\bn.js,Mon, 30 May 2022 09:49:11 GMT
u,node_modules\md5.js,Mon, 30 May 2022 09:49:11 GMT
u,node_modules\sha.js,Mon, 30 May 2022 09:49:18 GMT
u,node_modules\asn1.js,Mon, 30 May 2022 09:49:18 GMT
u,node_modules\asn1.js\node_modules\bn.js,Mon, 30 May 2022 09:49:18 GMT
u,node_modules\diffie-hellman\node_modules\bn.js,Mon, 30 May 2022 09:49:18 GMT
u,node_modules\elliptic\node_modules\bn.js,Mon, 30 May 2022 09:49:24 GMT
u,node_modules\create-ecdh\node_modules\bn.js,Mon, 30 May 2022 09:49:24 GMT
u,node_modules\des.js,Mon, 30 May 2022 09:49:24 GMT
u,node_modules\hash.js,Mon, 30 May 2022 09:49:24 GMT
u,node_modules\miller-rabin\node_modules\bn.js,Mon, 30 May 2022 09:49:24 GMT
u,node_modules\ipaddr.js,Mon, 30 May 2022 09:49:27 GMT
u,node_modules\decimal.js,Mon, 30 May 2022 09:49:29 GMT
u,node_modules\bn.js,Mon, 30 May 2022 09:49:30 GMT
u,node_modules\big.js,Mon, 30 May 2022 09:49:30 GMT
